[2023-04-13 19:36:50] local.ERROR: Trait "App\Models\HasRoles" not found {"exception":"[object] (Symfony\\Component\\ErrorHandler\\Error\\FatalError(code: 0): Trait \"App\\Models\\HasRoles\" not found at C:\\xampp\\htdocs\\xampp\\Proyecto-Taller-de-Ingenieria-de-Software-2-mmadariaga\\app\\Models\\User.php:11)
[stacktrace]
#0 {main}
"} 
[2023-04-13 19:55:31] local.ERROR: Undefined variable $user {"userId":1,"exception":"[object] (ErrorException(code: 0): Undefined variable $user at C:\\xampp\\htdocs\\xampp\\Proyecto-Taller-de-Ingenieria-de-Software-2-mmadariaga\\app\\Http\\Controllers\\Auth\\LoginController.php:35)
[stacktrace]
#0 C:\\xampp\\htdocs\\xampp\\Proyecto-Taller-de-Ingenieria-de-Software-2-mmadariaga\\app\\Http\\Controllers\\Auth\\LoginController.php(35): Illuminate\\Foundation\\Bootstrap\\HandleExceptions->handleError(2, 'Undefined varia...', 'C:\\\\xampp\\\\htdocs...', 35)
#1 C:\\xampp\\htdocs\\xampp\\Proyecto-Taller-de-Ingenieria-de-Software-2-mmadariaga\\vendor\\laravel\\ui\\auth-backend\\RedirectsUsers.php(15): App\\Http\\Controllers\\Auth\\LoginController->redirectTo()
#2 C:\\xampp\\htdocs\\xampp\\Proyecto-Taller-de-Ingenieria-de-Software-2-mmadariaga\\vendor\\laravel\\ui\\auth-backend\\AuthenticatesUsers.php(120): App\\Http\\Controllers\\Auth\\LoginController->redirectPath()
#3 C:\\xampp\\htdocs\\xampp\\Proyecto-Taller-de-Ingenieria-de-Software-2-mmadariaga\\vendor\\laravel\\ui\\auth-backend\\AuthenticatesUsers.php(51): App\\Http\\Controllers\\Auth\\LoginController->sendLoginResponse(Object(Illuminate\\Http\\Request))
#4 C:\\xampp\\htdocs\\xampp\\Proyecto-Taller-de-Ingenieria-de-Software-2-mmadariaga\\vendor\\laravel\\framework\\src\\Illuminate\\Routing\\Controller.php(54): App\\Http\\Controllers\\Auth\\LoginController->login(Object(Illuminate\\Http\\Request))
#5 C:\\xampp\\htdocs\\xampp\\Proyecto-Taller-de-Ingenieria-de-Software-2-mmadariaga\\vendor\\laravel\\framework\\src\\Illuminate\\Routing\\ControllerDispatcher.php(45): Illuminate\\Routing\\Controller->callAction('login', Array)
#6 C:\\xampp\\htdocs\\xampp\\Proyecto-Taller-de-Ingenieria-de-Software-2-mmadariaga\\vendor\\laravel\\framework\\src\\Illuminate\\Routing\\Route.php(262): Illuminate\\Routing\\ControllerDispatcher->dispatch(Object(Illuminate\\Routing\\Route), Object(App\\Http\\Controllers\\Auth\\LoginController), 'login')
#7 C:\\xampp\\htdocs\\xampp\\Proyecto-Taller-de-Ingenieria-de-Software-2-mmadariaga\\vendor\\laravel\\framework\\src\\Illuminate\\Routing\\Route.php(205): Illuminate\\Routing\\Route->runController()
#8 C:\\xampp\\htdocs\\xampp\\Proyecto-Taller-de-Ingenieria-de-Software-2-mmadariaga\\vendor\\laravel\\framework\\src\\Illuminate\\Routing\\Router.php(721): Illuminate\\Routing\\Route->run()
#9 C:\\xampp\\htdocs\\xampp\\Proyecto-Taller-de-Ingenieria-de-Software-2-mmadariaga\\vendor\\laravel\\framework\\src\\Illuminate\\Pipeline\\Pipeline.php(128): Illuminate\\Routing\\Router->Illuminate\\Routing\\{closure}(Object(Illuminate\\Http\\Request))
#10 C:\\xampp\\htdocs\\xampp\\Proyecto-Taller-de-Ingenieria-de-Software-2-mmadariaga\\app\\Http\\Middleware\\RedirectIfAuthenticated.php(30): Illuminate\\Pipeline\\Pipeline->Illuminate\\Pipeline\\{closure}(Object(Illuminate\\Http\\Request))
#11 C:\\xampp\\htdocs\\xampp\\Proyecto-Taller-de-Ingenieria-de-Software-2-mmadariaga\\vendor\\laravel\\framework\\src\\Illuminate\\Pipeline\\Pipeline.php(167): App\\Http\\Middleware\\RedirectIfAuthenticated->handle(Object(Illuminate\\Http\\Request), Object(Closure))
#12 C:\\xampp\\htdocs\\xampp\\Proyecto-Taller-de-Ingenieria-de-Software-2-mmadariaga\\vendor\\laravel\\framework\\src\\Illuminate\\Routing\\Middleware\\SubstituteBindings.php(50): Illuminate\\Pipeline\\Pipeline->Illuminate\\Pipeline\\{closure}(Object(Illuminate\\Http\\Request))
#13 C:\\xampp\\htdocs\\xampp\\Proyecto-Taller-de-Ingenieria-de-Software-2-mmadariaga\\vendor\\laravel\\framework\\src\\Illuminate\\Pipeline\\Pipeline.php(167): Illuminate\\Routing\\Middleware\\SubstituteBindings->handle(Object(Illuminate\\Http\\Request), Object(Closure))
#14 C:\\xampp\\htdocs\\xampp\\Proyecto-Taller-de-Ingenieria-de-Software-2-mmadariaga\\vendor\\laravel\\framework\\src\\Illuminate\\Foundation\\Http\\Middleware\\VerifyCsrfToken.php(78): Illuminate\\Pipeline\\Pipeline->Illuminate\\Pipeline\\{closure}(Object(Illuminate\\Http\\Request))
#15 C:\\xampp\\htdocs\\xampp\\Proyecto-Taller-de-Ingenieria-de-Software-2-mmadariaga\\vendor\\laravel\\framework\\src\\Illuminate\\Pipeline\\Pipeline.php(167): Illuminate\\Foundation\\Http\\Middleware\\VerifyCsrfToken->handle(Object(Illuminate\\Http\\Request), Object(Closure))
#16 C:\\xampp\\htdocs\\xampp\\Proyecto-Taller-de-Ingenieria-de-Software-2-mmadariaga\\vendor\\laravel\\framework\\src\\Illuminate\\View\\Middleware\\ShareErrorsFromSession.php(49): Illuminate\\Pipeline\\Pipeline->Illuminate\\Pipeline\\{closure}(Object(Illuminate\\Http\\Request))
#17 C:\\xampp\\htdocs\\xampp\\Proyecto-Taller-de-Ingenieria-de-Software-2-mmadariaga\\vendor\\laravel\\framework\\src\\Illuminate\\Pipeline\\Pipeline.php(167): Illuminate\\View\\Middleware\\ShareErrorsFromSession->handle(Object(Illuminate\\Http\\Request), Object(Closure))
#18 C:\\xampp\\htdocs\\xampp\\Proyecto-Taller-de-Ingenieria-de-Software-2-mmadariaga\\vendor\\laravel\\framework\\src\\Illuminate\\Session\\Middleware\\StartSession.php(121): Illuminate\\Pipeline\\Pipeline->Illuminate\\Pipeline\\{closure}(Object(Illuminate\\Http\\Request))
#19 C:\\xampp\\htdocs\\xampp\\Proyecto-Taller-de-Ingenieria-de-Software-2-mmadariaga\\vendor\\laravel\\framework\\src\\Illuminate\\Session\\Middleware\\StartSession.php(64): Illuminate\\Session\\Middleware\\StartSession->handleStatefulRequest(Object(Illuminate\\Http\\Request), Object(Illuminate\\Session\\Store), Object(Closure))
#20 C:\\xampp\\htdocs\\xampp\\Proyecto-Taller-de-Ingenieria-de-Software-2-mmadariaga\\vendor\\laravel\\framework\\src\\Illuminate\\Pipeline\\Pipeline.php(167): Illuminate\\Session\\Middleware\\StartSession->handle(Object(Illuminate\\Http\\Request), Object(Closure))
#21 C:\\xampp\\htdocs\\xampp\\Proyecto-Taller-de-Ingenieria-de-Software-2-mmadariaga\\vendor\\laravel\\framework\\src\\Illuminate\\Cookie\\Middleware\\AddQueuedCookiesToResponse.php(37): Illuminate\\Pipeline\\Pipeline->Illuminate\\Pipeline\\{closure}(Object(Illuminate\\Http\\Request))
#22 C:\\xampp\\htdocs\\xampp\\Proyecto-Taller-de-Ingenieria-de-Software-2-mmadariaga\\vendor\\laravel\\framework\\src\\Illuminate\\Pipeline\\Pipeline.php(167): Illuminate\\Cookie\\Middleware\\AddQueuedCookiesToResponse->handle(Object(Illuminate\\Http\\Request), Object(Closure))
#23 C:\\xampp\\htdocs\\xampp\\Proyecto-Taller-de-Ingenieria-de-Software-2-mmadariaga\\vendor\\laravel\\framework\\src\\Illuminate\\Cookie\\Middleware\\EncryptCookies.php(67): Illuminate\\Pipeline\\Pipeline->Illuminate\\Pipeline\\{closure}(Object(Illuminate\\Http\\Request))
#24 C:\\xampp\\htdocs\\xampp\\Proyecto-Taller-de-Ingenieria-de-Software-2-mmadariaga\\vendor\\laravel\\framework\\src\\Illuminate\\Pipeline\\Pipeline.php(167): Illuminate\\Cookie\\Middleware\\EncryptCookies->handle(Object(Illuminate\\Http\\Request), Object(Closure))
#25 C:\\xampp\\htdocs\\xampp\\Proyecto-Taller-de-Ingenieria-de-Software-2-mmadariaga\\vendor\\laravel\\framework\\src\\Illuminate\\Pipeline\\Pipeline.php(103): Illuminate\\Pipeline\\Pipeline->Illuminate\\Pipeline\\{closure}(Object(Illuminate\\Http\\Request))
#26 C:\\xampp\\htdocs\\xampp\\Proyecto-Taller-de-Ingenieria-de-Software-2-mmadariaga\\vendor\\laravel\\framework\\src\\Illuminate\\Routing\\Router.php(723): Illuminate\\Pipeline\\Pipeline->then(Object(Closure))
#27 C:\\xampp\\htdocs\\xampp\\Proyecto-Taller-de-Ingenieria-de-Software-2-mmadariaga\\vendor\\laravel\\framework\\src\\Illuminate\\Routing\\Router.php(698): Illuminate\\Routing\\Router->runRouteWithinStack(Object(Illuminate\\Routing\\Route), Object(Illuminate\\Http\\Request))
#28 C:\\xampp\\htdocs\\xampp\\Proyecto-Taller-de-Ingenieria-de-Software-2-mmadariaga\\vendor\\laravel\\framework\\src\\Illuminate\\Routing\\Router.php(662): Illuminate\\Routing\\Router->runRoute(Object(Illuminate\\Http\\Request), Object(Illuminate\\Routing\\Route))
#29 C:\\xampp\\htdocs\\xampp\\Proyecto-Taller-de-Ingenieria-de-Software-2-mmadariaga\\vendor\\laravel\\framework\\src\\Illuminate\\Routing\\Router.php(651): Illuminate\\Routing\\Router->dispatchToRoute(Object(Illuminate\\Http\\Request))
#30 C:\\xampp\\htdocs\\xampp\\Proyecto-Taller-de-Ingenieria-de-Software-2-mmadariaga\\vendor\\laravel\\framework\\src\\Illuminate\\Foundation\\Http\\Kernel.php(167): Illuminate\\Routing\\Router->dispatch(Object(Illuminate\\Http\\Request))
#31 C:\\xampp\\htdocs\\xampp\\Proyecto-Taller-de-Ingenieria-de-Software-2-mmadariaga\\vendor\\laravel\\framework\\src\\Illuminate\\Pipeline\\Pipeline.php(128): Illuminate\\Foundation\\Http\\Kernel->Illuminate\\Foundation\\Http\\{closure}(Object(Illuminate\\Http\\Request))
#32 C:\\xampp\\htdocs\\xampp\\Proyecto-Taller-de-Ingenieria-de-Software-2-mmadariaga\\vendor\\laravel\\framework\\src\\Illuminate\\Foundation\\Http\\Middleware\\TransformsRequest.php(21): Illuminate\\Pipeline\\Pipeline->Illuminate\\Pipeline\\{closure}(Object(Illuminate\\Http\\Request))
#33 C:\\xampp\\htdocs\\xampp\\Proyecto-Taller-de-Ingenieria-de-Software-2-mmadariaga\\vendor\\laravel\\framework\\src\\Illuminate\\Foundation\\Http\\Middleware\\ConvertEmptyStringsToNull.php(31): Illuminate\\Foundation\\Http\\Middleware\\TransformsRequest->handle(Object(Illuminate\\Http\\Request), Object(Closure))
#34 C:\\xampp\\htdocs\\xampp\\Proyecto-Taller-de-Ingenieria-de-Software-2-mmadariaga\\vendor\\laravel\\framework\\src\\Illuminate\\Pipeline\\Pipeline.php(167): Illuminate\\Foundation\\Http\\Middleware\\ConvertEmptyStringsToNull->handle(Object(Illuminate\\Http\\Request), Object(Closure))
#35 C:\\xampp\\htdocs\\xampp\\Proyecto-Taller-de-Ingenieria-de-Software-2-mmadariaga\\vendor\\laravel\\framework\\src\\Illuminate\\Foundation\\Http\\Middleware\\TransformsRequest.php(21): Illuminate\\Pipeline\\Pipeline->Illuminate\\Pipeline\\{closure}(Object(Illuminate\\Http\\Request))
#36 C:\\xampp\\htdocs\\xampp\\Proyecto-Taller-de-Ingenieria-de-Software-2-mmadariaga\\vendor\\laravel\\framework\\src\\Illuminate\\Foundation\\Http\\Middleware\\TrimStrings.php(40): Illuminate\\Foundation\\Http\\Middleware\\TransformsRequest->handle(Object(Illuminate\\Http\\Request), Object(Closure))
#37 C:\\xampp\\htdocs\\xampp\\Proyecto-Taller-de-Ingenieria-de-Software-2-mmadariaga\\vendor\\laravel\\framework\\src\\Illuminate\\Pipeline\\Pipeline.php(167): Illuminate\\Foundation\\Http\\Middleware\\TrimStrings->handle(Object(Illuminate\\Http\\Request), Object(Closure))
#38 C:\\xampp\\htdocs\\xampp\\Proyecto-Taller-de-Ingenieria-de-Software-2-mmadariaga\\vendor\\laravel\\framework\\src\\Illuminate\\Foundation\\Http\\Middleware\\ValidatePostSize.php(27): Illuminate\\Pipeline\\Pipeline->Illuminate\\Pipeline\\{closure}(Object(Illuminate\\Http\\Request))
#39 C:\\xampp\\htdocs\\xampp\\Proyecto-Taller-de-Ingenieria-de-Software-2-mmadariaga\\vendor\\laravel\\framework\\src\\Illuminate\\Pipeline\\Pipeline.php(167): Illuminate\\Foundation\\Http\\Middleware\\ValidatePostSize->handle(Object(Illuminate\\Http\\Request), Object(Closure))
#40 C:\\xampp\\htdocs\\xampp\\Proyecto-Taller-de-Ingenieria-de-Software-2-mmadariaga\\vendor\\laravel\\framework\\src\\Illuminate\\Foundation\\Http\\Middleware\\PreventRequestsDuringMaintenance.php(86): Illuminate\\Pipeline\\Pipeline->Illuminate\\Pipeline\\{closure}(Object(Illuminate\\Http\\Request))
#41 C:\\xampp\\htdocs\\xampp\\Proyecto-Taller-de-Ingenieria-de-Software-2-mmadariaga\\vendor\\laravel\\framework\\src\\Illuminate\\Pipeline\\Pipeline.php(167): Illuminate\\Foundation\\Http\\Middleware\\PreventRequestsDuringMaintenance->handle(Object(Illuminate\\Http\\Request), Object(Closure))
#42 C:\\xampp\\htdocs\\xampp\\Proyecto-Taller-de-Ingenieria-de-Software-2-mmadariaga\\vendor\\fruitcake\\laravel-cors\\src\\HandleCors.php(38): Illuminate\\Pipeline\\Pipeline->Illuminate\\Pipeline\\{closure}(Object(Illuminate\\Http\\Request))
#43 C:\\xampp\\htdocs\\xampp\\Proyecto-Taller-de-Ingenieria-de-Software-2-mmadariaga\\vendor\\laravel\\framework\\src\\Illuminate\\Pipeline\\Pipeline.php(167): Fruitcake\\Cors\\HandleCors->handle(Object(Illuminate\\Http\\Request), Object(Closure))
#44 C:\\xampp\\htdocs\\xampp\\Proyecto-Taller-de-Ingenieria-de-Software-2-mmadariaga\\vendor\\laravel\\framework\\src\\Illuminate\\Http\\Middleware\\TrustProxies.php(39): Illuminate\\Pipeline\\Pipeline->Illuminate\\Pipeline\\{closure}(Object(Illuminate\\Http\\Request))
#45 C:\\xampp\\htdocs\\xampp\\Proyecto-Taller-de-Ingenieria-de-Software-2-mmadariaga\\vendor\\laravel\\framework\\src\\Illuminate\\Pipeline\\Pipeline.php(167): Illuminate\\Http\\Middleware\\TrustProxies->handle(Object(Illuminate\\Http\\Request), Object(Closure))
#46 C:\\xampp\\htdocs\\xampp\\Proyecto-Taller-de-Ingenieria-de-Software-2-mmadariaga\\vendor\\laravel\\framework\\src\\Illuminate\\Pipeline\\Pipeline.php(103): Illuminate\\Pipeline\\Pipeline->Illuminate\\Pipeline\\{closure}(Object(Illuminate\\Http\\Request))
#47 C:\\xampp\\htdocs\\xampp\\Proyecto-Taller-de-Ingenieria-de-Software-2-mmadariaga\\vendor\\laravel\\framework\\src\\Illuminate\\Foundation\\Http\\Kernel.php(142): Illuminate\\Pipeline\\Pipeline->then(Object(Closure))
#48 C:\\xampp\\htdocs\\xampp\\Proyecto-Taller-de-Ingenieria-de-Software-2-mmadariaga\\vendor\\laravel\\framework\\src\\Illuminate\\Foundation\\Http\\Kernel.php(111): Illuminate\\Foundation\\Http\\Kernel->sendRequestThroughRouter(Object(Illuminate\\Http\\Request))
#49 C:\\xampp\\htdocs\\xampp\\Proyecto-Taller-de-Ingenieria-de-Software-2-mmadariaga\\public\\index.php(52): Illuminate\\Foundation\\Http\\Kernel->handle(Object(Illuminate\\Http\\Request))
#50 C:\\xampp\\htdocs\\xampp\\Proyecto-Taller-de-Ingenieria-de-Software-2-mmadariaga\\server.php(21): require_once('C:\\\\xampp\\\\htdocs...')
#51 {main}
"} 
[2023-04-13 19:56:49] local.ERROR: Too few arguments to function App\Http\Controllers\Auth\LoginController::redirectTo(), 0 passed in C:\xampp\htdocs\xampp\Proyecto-Taller-de-Ingenieria-de-Software-2-mmadariaga\vendor\laravel\ui\auth-backend\RedirectsUsers.php on line 15 and exactly 1 expected {"userId":2,"exception":"[object] (ArgumentCountError(code: 0): Too few arguments to function App\\Http\\Controllers\\Auth\\LoginController::redirectTo(), 0 passed in C:\\xampp\\htdocs\\xampp\\Proyecto-Taller-de-Ingenieria-de-Software-2-mmadariaga\\vendor\\laravel\\ui\\auth-backend\\RedirectsUsers.php on line 15 and exactly 1 expected at C:\\xampp\\htdocs\\xampp\\Proyecto-Taller-de-Ingenieria-de-Software-2-mmadariaga\\app\\Http\\Controllers\\Auth\\LoginController.php:32)
[stacktrace]
#0 C:\\xampp\\htdocs\\xampp\\Proyecto-Taller-de-Ingenieria-de-Software-2-mmadariaga\\vendor\\laravel\\ui\\auth-backend\\RedirectsUsers.php(15): App\\Http\\Controllers\\Auth\\LoginController->redirectTo()
#1 C:\\xampp\\htdocs\\xampp\\Proyecto-Taller-de-Ingenieria-de-Software-2-mmadariaga\\vendor\\laravel\\ui\\auth-backend\\AuthenticatesUsers.php(120): App\\Http\\Controllers\\Auth\\LoginController->redirectPath()
#2 C:\\xampp\\htdocs\\xampp\\Proyecto-Taller-de-Ingenieria-de-Software-2-mmadariaga\\vendor\\laravel\\ui\\auth-backend\\AuthenticatesUsers.php(51): App\\Http\\Controllers\\Auth\\LoginController->sendLoginResponse(Object(Illuminate\\Http\\Request))
#3 C:\\xampp\\htdocs\\xampp\\Proyecto-Taller-de-Ingenieria-de-Software-2-mmadariaga\\vendor\\laravel\\framework\\src\\Illuminate\\Routing\\Controller.php(54): App\\Http\\Controllers\\Auth\\LoginController->login(Object(Illuminate\\Http\\Request))
#4 C:\\xampp\\htdocs\\xampp\\Proyecto-Taller-de-Ingenieria-de-Software-2-mmadariaga\\vendor\\laravel\\framework\\src\\Illuminate\\Routing\\ControllerDispatcher.php(45): Illuminate\\Routing\\Controller->callAction('login', Array)
#5 C:\\xampp\\htdocs\\xampp\\Proyecto-Taller-de-Ingenieria-de-Software-2-mmadariaga\\vendor\\laravel\\framework\\src\\Illuminate\\Routing\\Route.php(262): Illuminate\\Routing\\ControllerDispatcher->dispatch(Object(Illuminate\\Routing\\Route), Object(App\\Http\\Controllers\\Auth\\LoginController), 'login')
#6 C:\\xampp\\htdocs\\xampp\\Proyecto-Taller-de-Ingenieria-de-Software-2-mmadariaga\\vendor\\laravel\\framework\\src\\Illuminate\\Routing\\Route.php(205): Illuminate\\Routing\\Route->runController()
#7 C:\\xampp\\htdocs\\xampp\\Proyecto-Taller-de-Ingenieria-de-Software-2-mmadariaga\\vendor\\laravel\\framework\\src\\Illuminate\\Routing\\Router.php(721): Illuminate\\Routing\\Route->run()
#8 C:\\xampp\\htdocs\\xampp\\Proyecto-Taller-de-Ingenieria-de-Software-2-mmadariaga\\vendor\\laravel\\framework\\src\\Illuminate\\Pipeline\\Pipeline.php(128): Illuminate\\Routing\\Router->Illuminate\\Routing\\{closure}(Object(Illuminate\\Http\\Request))
#9 C:\\xampp\\htdocs\\xampp\\Proyecto-Taller-de-Ingenieria-de-Software-2-mmadariaga\\app\\Http\\Middleware\\RedirectIfAuthenticated.php(30): Illuminate\\Pipeline\\Pipeline->Illuminate\\Pipeline\\{closure}(Object(Illuminate\\Http\\Request))
#10 C:\\xampp\\htdocs\\xampp\\Proyecto-Taller-de-Ingenieria-de-Software-2-mmadariaga\\vendor\\laravel\\framework\\src\\Illuminate\\Pipeline\\Pipeline.php(167): App\\Http\\Middleware\\RedirectIfAuthenticated->handle(Object(Illuminate\\Http\\Request), Object(Closure))
#11 C:\\xampp\\htdocs\\xampp\\Proyecto-Taller-de-Ingenieria-de-Software-2-mmadariaga\\vendor\\laravel\\framework\\src\\Illuminate\\Routing\\Middleware\\SubstituteBindings.php(50): Illuminate\\Pipeline\\Pipeline->Illuminate\\Pipeline\\{closure}(Object(Illuminate\\Http\\Request))
#12 C:\\xampp\\htdocs\\xampp\\Proyecto-Taller-de-Ingenieria-de-Software-2-mmadariaga\\vendor\\laravel\\framework\\src\\Illuminate\\Pipeline\\Pipeline.php(167): Illuminate\\Routing\\Middleware\\SubstituteBindings->handle(Object(Illuminate\\Http\\Request), Object(Closure))
#13 C:\\xampp\\htdocs\\xampp\\Proyecto-Taller-de-Ingenieria-de-Software-2-mmadariaga\\vendor\\laravel\\framework\\src\\Illuminate\\Foundation\\Http\\Middleware\\VerifyCsrfToken.php(78): Illuminate\\Pipeline\\Pipeline->Illuminate\\Pipeline\\{closure}(Object(Illuminate\\Http\\Request))
#14 C:\\xampp\\htdocs\\xampp\\Proyecto-Taller-de-Ingenieria-de-Software-2-mmadariaga\\vendor\\laravel\\framework\\src\\Illuminate\\Pipeline\\Pipeline.php(167): Illuminate\\Foundation\\Http\\Middleware\\VerifyCsrfToken->handle(Object(Illuminate\\Http\\Request), Object(Closure))
#15 C:\\xampp\\htdocs\\xampp\\Proyecto-Taller-de-Ingenieria-de-Software-2-mmadariaga\\vendor\\laravel\\framework\\src\\Illuminate\\View\\Middleware\\ShareErrorsFromSession.php(49): Illuminate\\Pipeline\\Pipeline->Illuminate\\Pipeline\\{closure}(Object(Illuminate\\Http\\Request))
#16 C:\\xampp\\htdocs\\xampp\\Proyecto-Taller-de-Ingenieria-de-Software-2-mmadariaga\\vendor\\laravel\\framework\\src\\Illuminate\\Pipeline\\Pipeline.php(167): Illuminate\\View\\Middleware\\ShareErrorsFromSession->handle(Object(Illuminate\\Http\\Request), Object(Closure))
#17 C:\\xampp\\htdocs\\xampp\\Proyecto-Taller-de-Ingenieria-de-Software-2-mmadariaga\\vendor\\laravel\\framework\\src\\Illuminate\\Session\\Middleware\\StartSession.php(121): Illuminate\\Pipeline\\Pipeline->Illuminate\\Pipeline\\{closure}(Object(Illuminate\\Http\\Request))
#18 C:\\xampp\\htdocs\\xampp\\Proyecto-Taller-de-Ingenieria-de-Software-2-mmadariaga\\vendor\\laravel\\framework\\src\\Illuminate\\Session\\Middleware\\StartSession.php(64): Illuminate\\Session\\Middleware\\StartSession->handleStatefulRequest(Object(Illuminate\\Http\\Request), Object(Illuminate\\Session\\Store), Object(Closure))
#19 C:\\xampp\\htdocs\\xampp\\Proyecto-Taller-de-Ingenieria-de-Software-2-mmadariaga\\vendor\\laravel\\framework\\src\\Illuminate\\Pipeline\\Pipeline.php(167): Illuminate\\Session\\Middleware\\StartSession->handle(Object(Illuminate\\Http\\Request), Object(Closure))
#20 C:\\xampp\\htdocs\\xampp\\Proyecto-Taller-de-Ingenieria-de-Software-2-mmadariaga\\vendor\\laravel\\framework\\src\\Illuminate\\Cookie\\Middleware\\AddQueuedCookiesToResponse.php(37): Illuminate\\Pipeline\\Pipeline->Illuminate\\Pipeline\\{closure}(Object(Illuminate\\Http\\Request))
#21 C:\\xampp\\htdocs\\xampp\\Proyecto-Taller-de-Ingenieria-de-Software-2-mmadariaga\\vendor\\laravel\\framework\\src\\Illuminate\\Pipeline\\Pipeline.php(167): Illuminate\\Cookie\\Middleware\\AddQueuedCookiesToResponse->handle(Object(Illuminate\\Http\\Request), Object(Closure))
#22 C:\\xampp\\htdocs\\xampp\\Proyecto-Taller-de-Ingenieria-de-Software-2-mmadariaga\\vendor\\laravel\\framework\\src\\Illuminate\\Cookie\\Middleware\\EncryptCookies.php(67): Illuminate\\Pipeline\\Pipeline->Illuminate\\Pipeline\\{closure}(Object(Illuminate\\Http\\Request))
#23 C:\\xampp\\htdocs\\xampp\\Proyecto-Taller-de-Ingenieria-de-Software-2-mmadariaga\\vendor\\laravel\\framework\\src\\Illuminate\\Pipeline\\Pipeline.php(167): Illuminate\\Cookie\\Middleware\\EncryptCookies->handle(Object(Illuminate\\Http\\Request), Object(Closure))
#24 C:\\xampp\\htdocs\\xampp\\Proyecto-Taller-de-Ingenieria-de-Software-2-mmadariaga\\vendor\\laravel\\framework\\src\\Illuminate\\Pipeline\\Pipeline.php(103): Illuminate\\Pipeline\\Pipeline->Illuminate\\Pipeline\\{closure}(Object(Illuminate\\Http\\Request))
#25 C:\\xampp\\htdocs\\xampp\\Proyecto-Taller-de-Ingenieria-de-Software-2-mmadariaga\\vendor\\laravel\\framework\\src\\Illuminate\\Routing\\Router.php(723): Illuminate\\Pipeline\\Pipeline->then(Object(Closure))
#26 C:\\xampp\\htdocs\\xampp\\Proyecto-Taller-de-Ingenieria-de-Software-2-mmadariaga\\vendor\\laravel\\framework\\src\\Illuminate\\Routing\\Router.php(698): Illuminate\\Routing\\Router->runRouteWithinStack(Object(Illuminate\\Routing\\Route), Object(Illuminate\\Http\\Request))
#27 C:\\xampp\\htdocs\\xampp\\Proyecto-Taller-de-Ingenieria-de-Software-2-mmadariaga\\vendor\\laravel\\framework\\src\\Illuminate\\Routing\\Router.php(662): Illuminate\\Routing\\Router->runRoute(Object(Illuminate\\Http\\Request), Object(Illuminate\\Routing\\Route))
#28 C:\\xampp\\htdocs\\xampp\\Proyecto-Taller-de-Ingenieria-de-Software-2-mmadariaga\\vendor\\laravel\\framework\\src\\Illuminate\\Routing\\Router.php(651): Illuminate\\Routing\\Router->dispatchToRoute(Object(Illuminate\\Http\\Request))
#29 C:\\xampp\\htdocs\\xampp\\Proyecto-Taller-de-Ingenieria-de-Software-2-mmadariaga\\vendor\\laravel\\framework\\src\\Illuminate\\Foundation\\Http\\Kernel.php(167): Illuminate\\Routing\\Router->dispatch(Object(Illuminate\\Http\\Request))
#30 C:\\xampp\\htdocs\\xampp\\Proyecto-Taller-de-Ingenieria-de-Software-2-mmadariaga\\vendor\\laravel\\framework\\src\\Illuminate\\Pipeline\\Pipeline.php(128): Illuminate\\Foundation\\Http\\Kernel->Illuminate\\Foundation\\Http\\{closure}(Object(Illuminate\\Http\\Request))
#31 C:\\xampp\\htdocs\\xampp\\Proyecto-Taller-de-Ingenieria-de-Software-2-mmadariaga\\vendor\\laravel\\framework\\src\\Illuminate\\Foundation\\Http\\Middleware\\TransformsRequest.php(21): Illuminate\\Pipeline\\Pipeline->Illuminate\\Pipeline\\{closure}(Object(Illuminate\\Http\\Request))
#32 C:\\xampp\\htdocs\\xampp\\Proyecto-Taller-de-Ingenieria-de-Software-2-mmadariaga\\vendor\\laravel\\framework\\src\\Illuminate\\Foundation\\Http\\Middleware\\ConvertEmptyStringsToNull.php(31): Illuminate\\Foundation\\Http\\Middleware\\TransformsRequest->handle(Object(Illuminate\\Http\\Request), Object(Closure))
#33 C:\\xampp\\htdocs\\xampp\\Proyecto-Taller-de-Ingenieria-de-Software-2-mmadariaga\\vendor\\laravel\\framework\\src\\Illuminate\\Pipeline\\Pipeline.php(167): Illuminate\\Foundation\\Http\\Middleware\\ConvertEmptyStringsToNull->handle(Object(Illuminate\\Http\\Request), Object(Closure))
#34 C:\\xampp\\htdocs\\xampp\\Proyecto-Taller-de-Ingenieria-de-Software-2-mmadariaga\\vendor\\laravel\\framework\\src\\Illuminate\\Foundation\\Http\\Middleware\\TransformsRequest.php(21): Illuminate\\Pipeline\\Pipeline->Illuminate\\Pipeline\\{closure}(Object(Illuminate\\Http\\Request))
#35 C:\\xampp\\htdocs\\xampp\\Proyecto-Taller-de-Ingenieria-de-Software-2-mmadariaga\\vendor\\laravel\\framework\\src\\Illuminate\\Foundation\\Http\\Middleware\\TrimStrings.php(40): Illuminate\\Foundation\\Http\\Middleware\\TransformsRequest->handle(Object(Illuminate\\Http\\Request), Object(Closure))
#36 C:\\xampp\\htdocs\\xampp\\Proyecto-Taller-de-Ingenieria-de-Software-2-mmadariaga\\vendor\\laravel\\framework\\src\\Illuminate\\Pipeline\\Pipeline.php(167): Illuminate\\Foundation\\Http\\Middleware\\TrimStrings->handle(Object(Illuminate\\Http\\Request), Object(Closure))
#37 C:\\xampp\\htdocs\\xampp\\Proyecto-Taller-de-Ingenieria-de-Software-2-mmadariaga\\vendor\\laravel\\framework\\src\\Illuminate\\Foundation\\Http\\Middleware\\ValidatePostSize.php(27): Illuminate\\Pipeline\\Pipeline->Illuminate\\Pipeline\\{closure}(Object(Illuminate\\Http\\Request))
#38 C:\\xampp\\htdocs\\xampp\\Proyecto-Taller-de-Ingenieria-de-Software-2-mmadariaga\\vendor\\laravel\\framework\\src\\Illuminate\\Pipeline\\Pipeline.php(167): Illuminate\\Foundation\\Http\\Middleware\\ValidatePostSize->handle(Object(Illuminate\\Http\\Request), Object(Closure))
#39 C:\\xampp\\htdocs\\xampp\\Proyecto-Taller-de-Ingenieria-de-Software-2-mmadariaga\\vendor\\laravel\\framework\\src\\Illuminate\\Foundation\\Http\\Middleware\\PreventRequestsDuringMaintenance.php(86): Illuminate\\Pipeline\\Pipeline->Illuminate\\Pipeline\\{closure}(Object(Illuminate\\Http\\Request))
#40 C:\\xampp\\htdocs\\xampp\\Proyecto-Taller-de-Ingenieria-de-Software-2-mmadariaga\\vendor\\laravel\\framework\\src\\Illuminate\\Pipeline\\Pipeline.php(167): Illuminate\\Foundation\\Http\\Middleware\\PreventRequestsDuringMaintenance->handle(Object(Illuminate\\Http\\Request), Object(Closure))
#41 C:\\xampp\\htdocs\\xampp\\Proyecto-Taller-de-Ingenieria-de-Software-2-mmadariaga\\vendor\\fruitcake\\laravel-cors\\src\\HandleCors.php(38): Illuminate\\Pipeline\\Pipeline->Illuminate\\Pipeline\\{closure}(Object(Illuminate\\Http\\Request))
#42 C:\\xampp\\htdocs\\xampp\\Proyecto-Taller-de-Ingenieria-de-Software-2-mmadariaga\\vendor\\laravel\\framework\\src\\Illuminate\\Pipeline\\Pipeline.php(167): Fruitcake\\Cors\\HandleCors->handle(Object(Illuminate\\Http\\Request), Object(Closure))
#43 C:\\xampp\\htdocs\\xampp\\Proyecto-Taller-de-Ingenieria-de-Software-2-mmadariaga\\vendor\\laravel\\framework\\src\\Illuminate\\Http\\Middleware\\TrustProxies.php(39): Illuminate\\Pipeline\\Pipeline->Illuminate\\Pipeline\\{closure}(Object(Illuminate\\Http\\Request))
#44 C:\\xampp\\htdocs\\xampp\\Proyecto-Taller-de-Ingenieria-de-Software-2-mmadariaga\\vendor\\laravel\\framework\\src\\Illuminate\\Pipeline\\Pipeline.php(167): Illuminate\\Http\\Middleware\\TrustProxies->handle(Object(Illuminate\\Http\\Request), Object(Closure))
#45 C:\\xampp\\htdocs\\xampp\\Proyecto-Taller-de-Ingenieria-de-Software-2-mmadariaga\\vendor\\laravel\\framework\\src\\Illuminate\\Pipeline\\Pipeline.php(103): Illuminate\\Pipeline\\Pipeline->Illuminate\\Pipeline\\{closure}(Object(Illuminate\\Http\\Request))
#46 C:\\xampp\\htdocs\\xampp\\Proyecto-Taller-de-Ingenieria-de-Software-2-mmadariaga\\vendor\\laravel\\framework\\src\\Illuminate\\Foundation\\Http\\Kernel.php(142): Illuminate\\Pipeline\\Pipeline->then(Object(Closure))
#47 C:\\xampp\\htdocs\\xampp\\Proyecto-Taller-de-Ingenieria-de-Software-2-mmadariaga\\vendor\\laravel\\framework\\src\\Illuminate\\Foundation\\Http\\Kernel.php(111): Illuminate\\Foundation\\Http\\Kernel->sendRequestThroughRouter(Object(Illuminate\\Http\\Request))
#48 C:\\xampp\\htdocs\\xampp\\Proyecto-Taller-de-Ingenieria-de-Software-2-mmadariaga\\public\\index.php(52): Illuminate\\Foundation\\Http\\Kernel->handle(Object(Illuminate\\Http\\Request))
#49 C:\\xampp\\htdocs\\xampp\\Proyecto-Taller-de-Ingenieria-de-Software-2-mmadariaga\\server.php(21): require_once('C:\\\\xampp\\\\htdocs...')
#50 {main}
"} 
[2023-04-13 20:26:14] local.ERROR: Too few arguments to function App\Http\Controllers\Auth\LoginController::redirectTo(), 0 passed in C:\xampp\htdocs\xampp\Proyecto-Taller-de-Ingenieria-de-Software-2-mmadariaga\vendor\laravel\ui\auth-backend\RedirectsUsers.php on line 15 and exactly 2 expected {"userId":2,"exception":"[object] (ArgumentCountError(code: 0): Too few arguments to function App\\Http\\Controllers\\Auth\\LoginController::redirectTo(), 0 passed in C:\\xampp\\htdocs\\xampp\\Proyecto-Taller-de-Ingenieria-de-Software-2-mmadariaga\\vendor\\laravel\\ui\\auth-backend\\RedirectsUsers.php on line 15 and exactly 2 expected at C:\\xampp\\htdocs\\xampp\\Proyecto-Taller-de-Ingenieria-de-Software-2-mmadariaga\\app\\Http\\Controllers\\Auth\\LoginController.php:32)
[stacktrace]
#0 C:\\xampp\\htdocs\\xampp\\Proyecto-Taller-de-Ingenieria-de-Software-2-mmadariaga\\vendor\\laravel\\ui\\auth-backend\\RedirectsUsers.php(15): App\\Http\\Controllers\\Auth\\LoginController->redirectTo()
#1 C:\\xampp\\htdocs\\xampp\\Proyecto-Taller-de-Ingenieria-de-Software-2-mmadariaga\\vendor\\laravel\\ui\\auth-backend\\AuthenticatesUsers.php(120): App\\Http\\Controllers\\Auth\\LoginController->redirectPath()
#2 C:\\xampp\\htdocs\\xampp\\Proyecto-Taller-de-Ingenieria-de-Software-2-mmadariaga\\vendor\\laravel\\ui\\auth-backend\\AuthenticatesUsers.php(51): App\\Http\\Controllers\\Auth\\LoginController->sendLoginResponse(Object(Illuminate\\Http\\Request))
#3 C:\\xampp\\htdocs\\xampp\\Proyecto-Taller-de-Ingenieria-de-Software-2-mmadariaga\\vendor\\laravel\\framework\\src\\Illuminate\\Routing\\Controller.php(54): App\\Http\\Controllers\\Auth\\LoginController->login(Object(Illuminate\\Http\\Request))
#4 C:\\xampp\\htdocs\\xampp\\Proyecto-Taller-de-Ingenieria-de-Software-2-mmadariaga\\vendor\\laravel\\framework\\src\\Illuminate\\Routing\\ControllerDispatcher.php(45): Illuminate\\Routing\\Controller->callAction('login', Array)
#5 C:\\xampp\\htdocs\\xampp\\Proyecto-Taller-de-Ingenieria-de-Software-2-mmadariaga\\vendor\\laravel\\framework\\src\\Illuminate\\Routing\\Route.php(262): Illuminate\\Routing\\ControllerDispatcher->dispatch(Object(Illuminate\\Routing\\Route), Object(App\\Http\\Controllers\\Auth\\LoginController), 'login')
#6 C:\\xampp\\htdocs\\xampp\\Proyecto-Taller-de-Ingenieria-de-Software-2-mmadariaga\\vendor\\laravel\\framework\\src\\Illuminate\\Routing\\Route.php(205): Illuminate\\Routing\\Route->runController()
#7 C:\\xampp\\htdocs\\xampp\\Proyecto-Taller-de-Ingenieria-de-Software-2-mmadariaga\\vendor\\laravel\\framework\\src\\Illuminate\\Routing\\Router.php(721): Illuminate\\Routing\\Route->run()
#8 C:\\xampp\\htdocs\\xampp\\Proyecto-Taller-de-Ingenieria-de-Software-2-mmadariaga\\vendor\\laravel\\framework\\src\\Illuminate\\Pipeline\\Pipeline.php(128): Illuminate\\Routing\\Router->Illuminate\\Routing\\{closure}(Object(Illuminate\\Http\\Request))
#9 C:\\xampp\\htdocs\\xampp\\Proyecto-Taller-de-Ingenieria-de-Software-2-mmadariaga\\app\\Http\\Middleware\\RedirectIfAuthenticated.php(30): Illuminate\\Pipeline\\Pipeline->Illuminate\\Pipeline\\{closure}(Object(Illuminate\\Http\\Request))
#10 C:\\xampp\\htdocs\\xampp\\Proyecto-Taller-de-Ingenieria-de-Software-2-mmadariaga\\vendor\\laravel\\framework\\src\\Illuminate\\Pipeline\\Pipeline.php(167): App\\Http\\Middleware\\RedirectIfAuthenticated->handle(Object(Illuminate\\Http\\Request), Object(Closure))
#11 C:\\xampp\\htdocs\\xampp\\Proyecto-Taller-de-Ingenieria-de-Software-2-mmadariaga\\vendor\\laravel\\framework\\src\\Illuminate\\Routing\\Middleware\\SubstituteBindings.php(50): Illuminate\\Pipeline\\Pipeline->Illuminate\\Pipeline\\{closure}(Object(Illuminate\\Http\\Request))
#12 C:\\xampp\\htdocs\\xampp\\Proyecto-Taller-de-Ingenieria-de-Software-2-mmadariaga\\vendor\\laravel\\framework\\src\\Illuminate\\Pipeline\\Pipeline.php(167): Illuminate\\Routing\\Middleware\\SubstituteBindings->handle(Object(Illuminate\\Http\\Request), Object(Closure))
#13 C:\\xampp\\htdocs\\xampp\\Proyecto-Taller-de-Ingenieria-de-Software-2-mmadariaga\\vendor\\laravel\\framework\\src\\Illuminate\\Foundation\\Http\\Middleware\\VerifyCsrfToken.php(78): Illuminate\\Pipeline\\Pipeline->Illuminate\\Pipeline\\{closure}(Object(Illuminate\\Http\\Request))
#14 C:\\xampp\\htdocs\\xampp\\Proyecto-Taller-de-Ingenieria-de-Software-2-mmadariaga\\vendor\\laravel\\framework\\src\\Illuminate\\Pipeline\\Pipeline.php(167): Illuminate\\Foundation\\Http\\Middleware\\VerifyCsrfToken->handle(Object(Illuminate\\Http\\Request), Object(Closure))
#15 C:\\xampp\\htdocs\\xampp\\Proyecto-Taller-de-Ingenieria-de-Software-2-mmadariaga\\vendor\\laravel\\framework\\src\\Illuminate\\View\\Middleware\\ShareErrorsFromSession.php(49): Illuminate\\Pipeline\\Pipeline->Illuminate\\Pipeline\\{closure}(Object(Illuminate\\Http\\Request))
#16 C:\\xampp\\htdocs\\xampp\\Proyecto-Taller-de-Ingenieria-de-Software-2-mmadariaga\\vendor\\laravel\\framework\\src\\Illuminate\\Pipeline\\Pipeline.php(167): Illuminate\\View\\Middleware\\ShareErrorsFromSession->handle(Object(Illuminate\\Http\\Request), Object(Closure))
#17 C:\\xampp\\htdocs\\xampp\\Proyecto-Taller-de-Ingenieria-de-Software-2-mmadariaga\\vendor\\laravel\\framework\\src\\Illuminate\\Session\\Middleware\\StartSession.php(121): Illuminate\\Pipeline\\Pipeline->Illuminate\\Pipeline\\{closure}(Object(Illuminate\\Http\\Request))
#18 C:\\xampp\\htdocs\\xampp\\Proyecto-Taller-de-Ingenieria-de-Software-2-mmadariaga\\vendor\\laravel\\framework\\src\\Illuminate\\Session\\Middleware\\StartSession.php(64): Illuminate\\Session\\Middleware\\StartSession->handleStatefulRequest(Object(Illuminate\\Http\\Request), Object(Illuminate\\Session\\Store), Object(Closure))
#19 C:\\xampp\\htdocs\\xampp\\Proyecto-Taller-de-Ingenieria-de-Software-2-mmadariaga\\vendor\\laravel\\framework\\src\\Illuminate\\Pipeline\\Pipeline.php(167): Illuminate\\Session\\Middleware\\StartSession->handle(Object(Illuminate\\Http\\Request), Object(Closure))
#20 C:\\xampp\\htdocs\\xampp\\Proyecto-Taller-de-Ingenieria-de-Software-2-mmadariaga\\vendor\\laravel\\framework\\src\\Illuminate\\Cookie\\Middleware\\AddQueuedCookiesToResponse.php(37): Illuminate\\Pipeline\\Pipeline->Illuminate\\Pipeline\\{closure}(Object(Illuminate\\Http\\Request))
#21 C:\\xampp\\htdocs\\xampp\\Proyecto-Taller-de-Ingenieria-de-Software-2-mmadariaga\\vendor\\laravel\\framework\\src\\Illuminate\\Pipeline\\Pipeline.php(167): Illuminate\\Cookie\\Middleware\\AddQueuedCookiesToResponse->handle(Object(Illuminate\\Http\\Request), Object(Closure))
#22 C:\\xampp\\htdocs\\xampp\\Proyecto-Taller-de-Ingenieria-de-Software-2-mmadariaga\\vendor\\laravel\\framework\\src\\Illuminate\\Cookie\\Middleware\\EncryptCookies.php(67): Illuminate\\Pipeline\\Pipeline->Illuminate\\Pipeline\\{closure}(Object(Illuminate\\Http\\Request))
#23 C:\\xampp\\htdocs\\xampp\\Proyecto-Taller-de-Ingenieria-de-Software-2-mmadariaga\\vendor\\laravel\\framework\\src\\Illuminate\\Pipeline\\Pipeline.php(167): Illuminate\\Cookie\\Middleware\\EncryptCookies->handle(Object(Illuminate\\Http\\Request), Object(Closure))
#24 C:\\xampp\\htdocs\\xampp\\Proyecto-Taller-de-Ingenieria-de-Software-2-mmadariaga\\vendor\\laravel\\framework\\src\\Illuminate\\Pipeline\\Pipeline.php(103): Illuminate\\Pipeline\\Pipeline->Illuminate\\Pipeline\\{closure}(Object(Illuminate\\Http\\Request))
#25 C:\\xampp\\htdocs\\xampp\\Proyecto-Taller-de-Ingenieria-de-Software-2-mmadariaga\\vendor\\laravel\\framework\\src\\Illuminate\\Routing\\Router.php(723): Illuminate\\Pipeline\\Pipeline->then(Object(Closure))
#26 C:\\xampp\\htdocs\\xampp\\Proyecto-Taller-de-Ingenieria-de-Software-2-mmadariaga\\vendor\\laravel\\framework\\src\\Illuminate\\Routing\\Router.php(698): Illuminate\\Routing\\Router->runRouteWithinStack(Object(Illuminate\\Routing\\Route), Object(Illuminate\\Http\\Request))
#27 C:\\xampp\\htdocs\\xampp\\Proyecto-Taller-de-Ingenieria-de-Software-2-mmadariaga\\vendor\\laravel\\framework\\src\\Illuminate\\Routing\\Router.php(662): Illuminate\\Routing\\Router->runRoute(Object(Illuminate\\Http\\Request), Object(Illuminate\\Routing\\Route))
#28 C:\\xampp\\htdocs\\xampp\\Proyecto-Taller-de-Ingenieria-de-Software-2-mmadariaga\\vendor\\laravel\\framework\\src\\Illuminate\\Routing\\Router.php(651): Illuminate\\Routing\\Router->dispatchToRoute(Object(Illuminate\\Http\\Request))
#29 C:\\xampp\\htdocs\\xampp\\Proyecto-Taller-de-Ingenieria-de-Software-2-mmadariaga\\vendor\\laravel\\framework\\src\\Illuminate\\Foundation\\Http\\Kernel.php(167): Illuminate\\Routing\\Router->dispatch(Object(Illuminate\\Http\\Request))
#30 C:\\xampp\\htdocs\\xampp\\Proyecto-Taller-de-Ingenieria-de-Software-2-mmadariaga\\vendor\\laravel\\framework\\src\\Illuminate\\Pipeline\\Pipeline.php(128): Illuminate\\Foundation\\Http\\Kernel->Illuminate\\Foundation\\Http\\{closure}(Object(Illuminate\\Http\\Request))
#31 C:\\xampp\\htdocs\\xampp\\Proyecto-Taller-de-Ingenieria-de-Software-2-mmadariaga\\vendor\\laravel\\framework\\src\\Illuminate\\Foundation\\Http\\Middleware\\TransformsRequest.php(21): Illuminate\\Pipeline\\Pipeline->Illuminate\\Pipeline\\{closure}(Object(Illuminate\\Http\\Request))
#32 C:\\xampp\\htdocs\\xampp\\Proyecto-Taller-de-Ingenieria-de-Software-2-mmadariaga\\vendor\\laravel\\framework\\src\\Illuminate\\Foundation\\Http\\Middleware\\ConvertEmptyStringsToNull.php(31): Illuminate\\Foundation\\Http\\Middleware\\TransformsRequest->handle(Object(Illuminate\\Http\\Request), Object(Closure))
#33 C:\\xampp\\htdocs\\xampp\\Proyecto-Taller-de-Ingenieria-de-Software-2-mmadariaga\\vendor\\laravel\\framework\\src\\Illuminate\\Pipeline\\Pipeline.php(167): Illuminate\\Foundation\\Http\\Middleware\\ConvertEmptyStringsToNull->handle(Object(Illuminate\\Http\\Request), Object(Closure))
#34 C:\\xampp\\htdocs\\xampp\\Proyecto-Taller-de-Ingenieria-de-Software-2-mmadariaga\\vendor\\laravel\\framework\\src\\Illuminate\\Foundation\\Http\\Middleware\\TransformsRequest.php(21): Illuminate\\Pipeline\\Pipeline->Illuminate\\Pipeline\\{closure}(Object(Illuminate\\Http\\Request))
#35 C:\\xampp\\htdocs\\xampp\\Proyecto-Taller-de-Ingenieria-de-Software-2-mmadariaga\\vendor\\laravel\\framework\\src\\Illuminate\\Foundation\\Http\\Middleware\\TrimStrings.php(40): Illuminate\\Foundation\\Http\\Middleware\\TransformsRequest->handle(Object(Illuminate\\Http\\Request), Object(Closure))
#36 C:\\xampp\\htdocs\\xampp\\Proyecto-Taller-de-Ingenieria-de-Software-2-mmadariaga\\vendor\\laravel\\framework\\src\\Illuminate\\Pipeline\\Pipeline.php(167): Illuminate\\Foundation\\Http\\Middleware\\TrimStrings->handle(Object(Illuminate\\Http\\Request), Object(Closure))
#37 C:\\xampp\\htdocs\\xampp\\Proyecto-Taller-de-Ingenieria-de-Software-2-mmadariaga\\vendor\\laravel\\framework\\src\\Illuminate\\Foundation\\Http\\Middleware\\ValidatePostSize.php(27): Illuminate\\Pipeline\\Pipeline->Illuminate\\Pipeline\\{closure}(Object(Illuminate\\Http\\Request))
#38 C:\\xampp\\htdocs\\xampp\\Proyecto-Taller-de-Ingenieria-de-Software-2-mmadariaga\\vendor\\laravel\\framework\\src\\Illuminate\\Pipeline\\Pipeline.php(167): Illuminate\\Foundation\\Http\\Middleware\\ValidatePostSize->handle(Object(Illuminate\\Http\\Request), Object(Closure))
#39 C:\\xampp\\htdocs\\xampp\\Proyecto-Taller-de-Ingenieria-de-Software-2-mmadariaga\\vendor\\laravel\\framework\\src\\Illuminate\\Foundation\\Http\\Middleware\\PreventRequestsDuringMaintenance.php(86): Illuminate\\Pipeline\\Pipeline->Illuminate\\Pipeline\\{closure}(Object(Illuminate\\Http\\Request))
#40 C:\\xampp\\htdocs\\xampp\\Proyecto-Taller-de-Ingenieria-de-Software-2-mmadariaga\\vendor\\laravel\\framework\\src\\Illuminate\\Pipeline\\Pipeline.php(167): Illuminate\\Foundation\\Http\\Middleware\\PreventRequestsDuringMaintenance->handle(Object(Illuminate\\Http\\Request), Object(Closure))
#41 C:\\xampp\\htdocs\\xampp\\Proyecto-Taller-de-Ingenieria-de-Software-2-mmadariaga\\vendor\\fruitcake\\laravel-cors\\src\\HandleCors.php(38): Illuminate\\Pipeline\\Pipeline->Illuminate\\Pipeline\\{closure}(Object(Illuminate\\Http\\Request))
#42 C:\\xampp\\htdocs\\xampp\\Proyecto-Taller-de-Ingenieria-de-Software-2-mmadariaga\\vendor\\laravel\\framework\\src\\Illuminate\\Pipeline\\Pipeline.php(167): Fruitcake\\Cors\\HandleCors->handle(Object(Illuminate\\Http\\Request), Object(Closure))
#43 C:\\xampp\\htdocs\\xampp\\Proyecto-Taller-de-Ingenieria-de-Software-2-mmadariaga\\vendor\\laravel\\framework\\src\\Illuminate\\Http\\Middleware\\TrustProxies.php(39): Illuminate\\Pipeline\\Pipeline->Illuminate\\Pipeline\\{closure}(Object(Illuminate\\Http\\Request))
#44 C:\\xampp\\htdocs\\xampp\\Proyecto-Taller-de-Ingenieria-de-Software-2-mmadariaga\\vendor\\laravel\\framework\\src\\Illuminate\\Pipeline\\Pipeline.php(167): Illuminate\\Http\\Middleware\\TrustProxies->handle(Object(Illuminate\\Http\\Request), Object(Closure))
#45 C:\\xampp\\htdocs\\xampp\\Proyecto-Taller-de-Ingenieria-de-Software-2-mmadariaga\\vendor\\laravel\\framework\\src\\Illuminate\\Pipeline\\Pipeline.php(103): Illuminate\\Pipeline\\Pipeline->Illuminate\\Pipeline\\{closure}(Object(Illuminate\\Http\\Request))
#46 C:\\xampp\\htdocs\\xampp\\Proyecto-Taller-de-Ingenieria-de-Software-2-mmadariaga\\vendor\\laravel\\framework\\src\\Illuminate\\Foundation\\Http\\Kernel.php(142): Illuminate\\Pipeline\\Pipeline->then(Object(Closure))
#47 C:\\xampp\\htdocs\\xampp\\Proyecto-Taller-de-Ingenieria-de-Software-2-mmadariaga\\vendor\\laravel\\framework\\src\\Illuminate\\Foundation\\Http\\Kernel.php(111): Illuminate\\Foundation\\Http\\Kernel->sendRequestThroughRouter(Object(Illuminate\\Http\\Request))
#48 C:\\xampp\\htdocs\\xampp\\Proyecto-Taller-de-Ingenieria-de-Software-2-mmadariaga\\public\\index.php(52): Illuminate\\Foundation\\Http\\Kernel->handle(Object(Illuminate\\Http\\Request))
#49 C:\\xampp\\htdocs\\xampp\\Proyecto-Taller-de-Ingenieria-de-Software-2-mmadariaga\\server.php(21): require_once('C:\\\\xampp\\\\htdocs...')
#50 {main}
"} 
[2023-04-13 20:28:43] local.ERROR: App\Http\Controllers\Auth\LoginController::authenticated(): Argument #1 ($request) must be of type App\Http\Controllers\Auth\Request, Illuminate\Http\Request given, called in C:\xampp\htdocs\xampp\Proyecto-Taller-de-Ingenieria-de-Software-2-mmadariaga\vendor\laravel\ui\auth-backend\AuthenticatesUsers.php on line 114 {"userId":2,"exception":"[object] (TypeError(code: 0): App\\Http\\Controllers\\Auth\\LoginController::authenticated(): Argument #1 ($request) must be of type App\\Http\\Controllers\\Auth\\Request, Illuminate\\Http\\Request given, called in C:\\xampp\\htdocs\\xampp\\Proyecto-Taller-de-Ingenieria-de-Software-2-mmadariaga\\vendor\\laravel\\ui\\auth-backend\\AuthenticatesUsers.php on line 114 at C:\\xampp\\htdocs\\xampp\\Proyecto-Taller-de-Ingenieria-de-Software-2-mmadariaga\\app\\Http\\Controllers\\Auth\\LoginController.php:32)
[stacktrace]
#0 C:\\xampp\\htdocs\\xampp\\Proyecto-Taller-de-Ingenieria-de-Software-2-mmadariaga\\vendor\\laravel\\ui\\auth-backend\\AuthenticatesUsers.php(114): App\\Http\\Controllers\\Auth\\LoginController->authenticated(Object(Illuminate\\Http\\Request), Object(App\\Models\\User))
#1 C:\\xampp\\htdocs\\xampp\\Proyecto-Taller-de-Ingenieria-de-Software-2-mmadariaga\\vendor\\laravel\\ui\\auth-backend\\AuthenticatesUsers.php(51): App\\Http\\Controllers\\Auth\\LoginController->sendLoginResponse(Object(Illuminate\\Http\\Request))
#2 C:\\xampp\\htdocs\\xampp\\Proyecto-Taller-de-Ingenieria-de-Software-2-mmadariaga\\vendor\\laravel\\framework\\src\\Illuminate\\Routing\\Controller.php(54): App\\Http\\Controllers\\Auth\\LoginController->login(Object(Illuminate\\Http\\Request))
#3 C:\\xampp\\htdocs\\xampp\\Proyecto-Taller-de-Ingenieria-de-Software-2-mmadariaga\\vendor\\laravel\\framework\\src\\Illuminate\\Routing\\ControllerDispatcher.php(45): Illuminate\\Routing\\Controller->callAction('login', Array)
#4 C:\\xampp\\htdocs\\xampp\\Proyecto-Taller-de-Ingenieria-de-Software-2-mmadariaga\\vendor\\laravel\\framework\\src\\Illuminate\\Routing\\Route.php(262): Illuminate\\Routing\\ControllerDispatcher->dispatch(Object(Illuminate\\Routing\\Route), Object(App\\Http\\Controllers\\Auth\\LoginController), 'login')
#5 C:\\xampp\\htdocs\\xampp\\Proyecto-Taller-de-Ingenieria-de-Software-2-mmadariaga\\vendor\\laravel\\framework\\src\\Illuminate\\Routing\\Route.php(205): Illuminate\\Routing\\Route->runController()
#6 C:\\xampp\\htdocs\\xampp\\Proyecto-Taller-de-Ingenieria-de-Software-2-mmadariaga\\vendor\\laravel\\framework\\src\\Illuminate\\Routing\\Router.php(721): Illuminate\\Routing\\Route->run()
#7 C:\\xampp\\htdocs\\xampp\\Proyecto-Taller-de-Ingenieria-de-Software-2-mmadariaga\\vendor\\laravel\\framework\\src\\Illuminate\\Pipeline\\Pipeline.php(128): Illuminate\\Routing\\Router->Illuminate\\Routing\\{closure}(Object(Illuminate\\Http\\Request))
#8 C:\\xampp\\htdocs\\xampp\\Proyecto-Taller-de-Ingenieria-de-Software-2-mmadariaga\\app\\Http\\Middleware\\RedirectIfAuthenticated.php(30): Illuminate\\Pipeline\\Pipeline->Illuminate\\Pipeline\\{closure}(Object(Illuminate\\Http\\Request))
#9 C:\\xampp\\htdocs\\xampp\\Proyecto-Taller-de-Ingenieria-de-Software-2-mmadariaga\\vendor\\laravel\\framework\\src\\Illuminate\\Pipeline\\Pipeline.php(167): App\\Http\\Middleware\\RedirectIfAuthenticated->handle(Object(Illuminate\\Http\\Request), Object(Closure))
#10 C:\\xampp\\htdocs\\xampp\\Proyecto-Taller-de-Ingenieria-de-Software-2-mmadariaga\\vendor\\laravel\\framework\\src\\Illuminate\\Routing\\Middleware\\SubstituteBindings.php(50): Illuminate\\Pipeline\\Pipeline->Illuminate\\Pipeline\\{closure}(Object(Illuminate\\Http\\Request))
#11 C:\\xampp\\htdocs\\xampp\\Proyecto-Taller-de-Ingenieria-de-Software-2-mmadariaga\\vendor\\laravel\\framework\\src\\Illuminate\\Pipeline\\Pipeline.php(167): Illuminate\\Routing\\Middleware\\SubstituteBindings->handle(Object(Illuminate\\Http\\Request), Object(Closure))
#12 C:\\xampp\\htdocs\\xampp\\Proyecto-Taller-de-Ingenieria-de-Software-2-mmadariaga\\vendor\\laravel\\framework\\src\\Illuminate\\Foundation\\Http\\Middleware\\VerifyCsrfToken.php(78): Illuminate\\Pipeline\\Pipeline->Illuminate\\Pipeline\\{closure}(Object(Illuminate\\Http\\Request))
#13 C:\\xampp\\htdocs\\xampp\\Proyecto-Taller-de-Ingenieria-de-Software-2-mmadariaga\\vendor\\laravel\\framework\\src\\Illuminate\\Pipeline\\Pipeline.php(167): Illuminate\\Foundation\\Http\\Middleware\\VerifyCsrfToken->handle(Object(Illuminate\\Http\\Request), Object(Closure))
#14 C:\\xampp\\htdocs\\xampp\\Proyecto-Taller-de-Ingenieria-de-Software-2-mmadariaga\\vendor\\laravel\\framework\\src\\Illuminate\\View\\Middleware\\ShareErrorsFromSession.php(49): Illuminate\\Pipeline\\Pipeline->Illuminate\\Pipeline\\{closure}(Object(Illuminate\\Http\\Request))
#15 C:\\xampp\\htdocs\\xampp\\Proyecto-Taller-de-Ingenieria-de-Software-2-mmadariaga\\vendor\\laravel\\framework\\src\\Illuminate\\Pipeline\\Pipeline.php(167): Illuminate\\View\\Middleware\\ShareErrorsFromSession->handle(Object(Illuminate\\Http\\Request), Object(Closure))
#16 C:\\xampp\\htdocs\\xampp\\Proyecto-Taller-de-Ingenieria-de-Software-2-mmadariaga\\vendor\\laravel\\framework\\src\\Illuminate\\Session\\Middleware\\StartSession.php(121): Illuminate\\Pipeline\\Pipeline->Illuminate\\Pipeline\\{closure}(Object(Illuminate\\Http\\Request))
#17 C:\\xampp\\htdocs\\xampp\\Proyecto-Taller-de-Ingenieria-de-Software-2-mmadariaga\\vendor\\laravel\\framework\\src\\Illuminate\\Session\\Middleware\\StartSession.php(64): Illuminate\\Session\\Middleware\\StartSession->handleStatefulRequest(Object(Illuminate\\Http\\Request), Object(Illuminate\\Session\\Store), Object(Closure))
#18 C:\\xampp\\htdocs\\xampp\\Proyecto-Taller-de-Ingenieria-de-Software-2-mmadariaga\\vendor\\laravel\\framework\\src\\Illuminate\\Pipeline\\Pipeline.php(167): Illuminate\\Session\\Middleware\\StartSession->handle(Object(Illuminate\\Http\\Request), Object(Closure))
#19 C:\\xampp\\htdocs\\xampp\\Proyecto-Taller-de-Ingenieria-de-Software-2-mmadariaga\\vendor\\laravel\\framework\\src\\Illuminate\\Cookie\\Middleware\\AddQueuedCookiesToResponse.php(37): Illuminate\\Pipeline\\Pipeline->Illuminate\\Pipeline\\{closure}(Object(Illuminate\\Http\\Request))
#20 C:\\xampp\\htdocs\\xampp\\Proyecto-Taller-de-Ingenieria-de-Software-2-mmadariaga\\vendor\\laravel\\framework\\src\\Illuminate\\Pipeline\\Pipeline.php(167): Illuminate\\Cookie\\Middleware\\AddQueuedCookiesToResponse->handle(Object(Illuminate\\Http\\Request), Object(Closure))
#21 C:\\xampp\\htdocs\\xampp\\Proyecto-Taller-de-Ingenieria-de-Software-2-mmadariaga\\vendor\\laravel\\framework\\src\\Illuminate\\Cookie\\Middleware\\EncryptCookies.php(67): Illuminate\\Pipeline\\Pipeline->Illuminate\\Pipeline\\{closure}(Object(Illuminate\\Http\\Request))
#22 C:\\xampp\\htdocs\\xampp\\Proyecto-Taller-de-Ingenieria-de-Software-2-mmadariaga\\vendor\\laravel\\framework\\src\\Illuminate\\Pipeline\\Pipeline.php(167): Illuminate\\Cookie\\Middleware\\EncryptCookies->handle(Object(Illuminate\\Http\\Request), Object(Closure))
#23 C:\\xampp\\htdocs\\xampp\\Proyecto-Taller-de-Ingenieria-de-Software-2-mmadariaga\\vendor\\laravel\\framework\\src\\Illuminate\\Pipeline\\Pipeline.php(103): Illuminate\\Pipeline\\Pipeline->Illuminate\\Pipeline\\{closure}(Object(Illuminate\\Http\\Request))
#24 C:\\xampp\\htdocs\\xampp\\Proyecto-Taller-de-Ingenieria-de-Software-2-mmadariaga\\vendor\\laravel\\framework\\src\\Illuminate\\Routing\\Router.php(723): Illuminate\\Pipeline\\Pipeline->then(Object(Closure))
#25 C:\\xampp\\htdocs\\xampp\\Proyecto-Taller-de-Ingenieria-de-Software-2-mmadariaga\\vendor\\laravel\\framework\\src\\Illuminate\\Routing\\Router.php(698): Illuminate\\Routing\\Router->runRouteWithinStack(Object(Illuminate\\Routing\\Route), Object(Illuminate\\Http\\Request))
#26 C:\\xampp\\htdocs\\xampp\\Proyecto-Taller-de-Ingenieria-de-Software-2-mmadariaga\\vendor\\laravel\\framework\\src\\Illuminate\\Routing\\Router.php(662): Illuminate\\Routing\\Router->runRoute(Object(Illuminate\\Http\\Request), Object(Illuminate\\Routing\\Route))
#27 C:\\xampp\\htdocs\\xampp\\Proyecto-Taller-de-Ingenieria-de-Software-2-mmadariaga\\vendor\\laravel\\framework\\src\\Illuminate\\Routing\\Router.php(651): Illuminate\\Routing\\Router->dispatchToRoute(Object(Illuminate\\Http\\Request))
#28 C:\\xampp\\htdocs\\xampp\\Proyecto-Taller-de-Ingenieria-de-Software-2-mmadariaga\\vendor\\laravel\\framework\\src\\Illuminate\\Foundation\\Http\\Kernel.php(167): Illuminate\\Routing\\Router->dispatch(Object(Illuminate\\Http\\Request))
#29 C:\\xampp\\htdocs\\xampp\\Proyecto-Taller-de-Ingenieria-de-Software-2-mmadariaga\\vendor\\laravel\\framework\\src\\Illuminate\\Pipeline\\Pipeline.php(128): Illuminate\\Foundation\\Http\\Kernel->Illuminate\\Foundation\\Http\\{closure}(Object(Illuminate\\Http\\Request))
#30 C:\\xampp\\htdocs\\xampp\\Proyecto-Taller-de-Ingenieria-de-Software-2-mmadariaga\\vendor\\laravel\\framework\\src\\Illuminate\\Foundation\\Http\\Middleware\\TransformsRequest.php(21): Illuminate\\Pipeline\\Pipeline->Illuminate\\Pipeline\\{closure}(Object(Illuminate\\Http\\Request))
#31 C:\\xampp\\htdocs\\xampp\\Proyecto-Taller-de-Ingenieria-de-Software-2-mmadariaga\\vendor\\laravel\\framework\\src\\Illuminate\\Foundation\\Http\\Middleware\\ConvertEmptyStringsToNull.php(31): Illuminate\\Foundation\\Http\\Middleware\\TransformsRequest->handle(Object(Illuminate\\Http\\Request), Object(Closure))
#32 C:\\xampp\\htdocs\\xampp\\Proyecto-Taller-de-Ingenieria-de-Software-2-mmadariaga\\vendor\\laravel\\framework\\src\\Illuminate\\Pipeline\\Pipeline.php(167): Illuminate\\Foundation\\Http\\Middleware\\ConvertEmptyStringsToNull->handle(Object(Illuminate\\Http\\Request), Object(Closure))
#33 C:\\xampp\\htdocs\\xampp\\Proyecto-Taller-de-Ingenieria-de-Software-2-mmadariaga\\vendor\\laravel\\framework\\src\\Illuminate\\Foundation\\Http\\Middleware\\TransformsRequest.php(21): Illuminate\\Pipeline\\Pipeline->Illuminate\\Pipeline\\{closure}(Object(Illuminate\\Http\\Request))
#34 C:\\xampp\\htdocs\\xampp\\Proyecto-Taller-de-Ingenieria-de-Software-2-mmadariaga\\vendor\\laravel\\framework\\src\\Illuminate\\Foundation\\Http\\Middleware\\TrimStrings.php(40): Illuminate\\Foundation\\Http\\Middleware\\TransformsRequest->handle(Object(Illuminate\\Http\\Request), Object(Closure))
#35 C:\\xampp\\htdocs\\xampp\\Proyecto-Taller-de-Ingenieria-de-Software-2-mmadariaga\\vendor\\laravel\\framework\\src\\Illuminate\\Pipeline\\Pipeline.php(167): Illuminate\\Foundation\\Http\\Middleware\\TrimStrings->handle(Object(Illuminate\\Http\\Request), Object(Closure))
#36 C:\\xampp\\htdocs\\xampp\\Proyecto-Taller-de-Ingenieria-de-Software-2-mmadariaga\\vendor\\laravel\\framework\\src\\Illuminate\\Foundation\\Http\\Middleware\\ValidatePostSize.php(27): Illuminate\\Pipeline\\Pipeline->Illuminate\\Pipeline\\{closure}(Object(Illuminate\\Http\\Request))
#37 C:\\xampp\\htdocs\\xampp\\Proyecto-Taller-de-Ingenieria-de-Software-2-mmadariaga\\vendor\\laravel\\framework\\src\\Illuminate\\Pipeline\\Pipeline.php(167): Illuminate\\Foundation\\Http\\Middleware\\ValidatePostSize->handle(Object(Illuminate\\Http\\Request), Object(Closure))
#38 C:\\xampp\\htdocs\\xampp\\Proyecto-Taller-de-Ingenieria-de-Software-2-mmadariaga\\vendor\\laravel\\framework\\src\\Illuminate\\Foundation\\Http\\Middleware\\PreventRequestsDuringMaintenance.php(86): Illuminate\\Pipeline\\Pipeline->Illuminate\\Pipeline\\{closure}(Object(Illuminate\\Http\\Request))
#39 C:\\xampp\\htdocs\\xampp\\Proyecto-Taller-de-Ingenieria-de-Software-2-mmadariaga\\vendor\\laravel\\framework\\src\\Illuminate\\Pipeline\\Pipeline.php(167): Illuminate\\Foundation\\Http\\Middleware\\PreventRequestsDuringMaintenance->handle(Object(Illuminate\\Http\\Request), Object(Closure))
#40 C:\\xampp\\htdocs\\xampp\\Proyecto-Taller-de-Ingenieria-de-Software-2-mmadariaga\\vendor\\fruitcake\\laravel-cors\\src\\HandleCors.php(38): Illuminate\\Pipeline\\Pipeline->Illuminate\\Pipeline\\{closure}(Object(Illuminate\\Http\\Request))
#41 C:\\xampp\\htdocs\\xampp\\Proyecto-Taller-de-Ingenieria-de-Software-2-mmadariaga\\vendor\\laravel\\framework\\src\\Illuminate\\Pipeline\\Pipeline.php(167): Fruitcake\\Cors\\HandleCors->handle(Object(Illuminate\\Http\\Request), Object(Closure))
#42 C:\\xampp\\htdocs\\xampp\\Proyecto-Taller-de-Ingenieria-de-Software-2-mmadariaga\\vendor\\laravel\\framework\\src\\Illuminate\\Http\\Middleware\\TrustProxies.php(39): Illuminate\\Pipeline\\Pipeline->Illuminate\\Pipeline\\{closure}(Object(Illuminate\\Http\\Request))
#43 C:\\xampp\\htdocs\\xampp\\Proyecto-Taller-de-Ingenieria-de-Software-2-mmadariaga\\vendor\\laravel\\framework\\src\\Illuminate\\Pipeline\\Pipeline.php(167): Illuminate\\Http\\Middleware\\TrustProxies->handle(Object(Illuminate\\Http\\Request), Object(Closure))
#44 C:\\xampp\\htdocs\\xampp\\Proyecto-Taller-de-Ingenieria-de-Software-2-mmadariaga\\vendor\\laravel\\framework\\src\\Illuminate\\Pipeline\\Pipeline.php(103): Illuminate\\Pipeline\\Pipeline->Illuminate\\Pipeline\\{closure}(Object(Illuminate\\Http\\Request))
#45 C:\\xampp\\htdocs\\xampp\\Proyecto-Taller-de-Ingenieria-de-Software-2-mmadariaga\\vendor\\laravel\\framework\\src\\Illuminate\\Foundation\\Http\\Kernel.php(142): Illuminate\\Pipeline\\Pipeline->then(Object(Closure))
#46 C:\\xampp\\htdocs\\xampp\\Proyecto-Taller-de-Ingenieria-de-Software-2-mmadariaga\\vendor\\laravel\\framework\\src\\Illuminate\\Foundation\\Http\\Kernel.php(111): Illuminate\\Foundation\\Http\\Kernel->sendRequestThroughRouter(Object(Illuminate\\Http\\Request))
#47 C:\\xampp\\htdocs\\xampp\\Proyecto-Taller-de-Ingenieria-de-Software-2-mmadariaga\\public\\index.php(52): Illuminate\\Foundation\\Http\\Kernel->handle(Object(Illuminate\\Http\\Request))
#48 C:\\xampp\\htdocs\\xampp\\Proyecto-Taller-de-Ingenieria-de-Software-2-mmadariaga\\server.php(21): require_once('C:\\\\xampp\\\\htdocs...')
#49 {main}
"} 
[2023-04-13 20:30:56] local.ERROR: Too few arguments to function App\Http\Controllers\Auth\LoginController::redirectTo(), 0 passed in C:\xampp\htdocs\xampp\Proyecto-Taller-de-Ingenieria-de-Software-2-mmadariaga\vendor\laravel\ui\auth-backend\RedirectsUsers.php on line 15 and exactly 2 expected {"userId":2,"exception":"[object] (ArgumentCountError(code: 0): Too few arguments to function App\\Http\\Controllers\\Auth\\LoginController::redirectTo(), 0 passed in C:\\xampp\\htdocs\\xampp\\Proyecto-Taller-de-Ingenieria-de-Software-2-mmadariaga\\vendor\\laravel\\ui\\auth-backend\\RedirectsUsers.php on line 15 and exactly 2 expected at C:\\xampp\\htdocs\\xampp\\Proyecto-Taller-de-Ingenieria-de-Software-2-mmadariaga\\app\\Http\\Controllers\\Auth\\LoginController.php:33)
[stacktrace]
#0 C:\\xampp\\htdocs\\xampp\\Proyecto-Taller-de-Ingenieria-de-Software-2-mmadariaga\\vendor\\laravel\\ui\\auth-backend\\RedirectsUsers.php(15): App\\Http\\Controllers\\Auth\\LoginController->redirectTo()
#1 C:\\xampp\\htdocs\\xampp\\Proyecto-Taller-de-Ingenieria-de-Software-2-mmadariaga\\vendor\\laravel\\ui\\auth-backend\\AuthenticatesUsers.php(120): App\\Http\\Controllers\\Auth\\LoginController->redirectPath()
#2 C:\\xampp\\htdocs\\xampp\\Proyecto-Taller-de-Ingenieria-de-Software-2-mmadariaga\\vendor\\laravel\\ui\\auth-backend\\AuthenticatesUsers.php(51): App\\Http\\Controllers\\Auth\\LoginController->sendLoginResponse(Object(Illuminate\\Http\\Request))
#3 C:\\xampp\\htdocs\\xampp\\Proyecto-Taller-de-Ingenieria-de-Software-2-mmadariaga\\vendor\\laravel\\framework\\src\\Illuminate\\Routing\\Controller.php(54): App\\Http\\Controllers\\Auth\\LoginController->login(Object(Illuminate\\Http\\Request))
#4 C:\\xampp\\htdocs\\xampp\\Proyecto-Taller-de-Ingenieria-de-Software-2-mmadariaga\\vendor\\laravel\\framework\\src\\Illuminate\\Routing\\ControllerDispatcher.php(45): Illuminate\\Routing\\Controller->callAction('login', Array)
#5 C:\\xampp\\htdocs\\xampp\\Proyecto-Taller-de-Ingenieria-de-Software-2-mmadariaga\\vendor\\laravel\\framework\\src\\Illuminate\\Routing\\Route.php(262): Illuminate\\Routing\\ControllerDispatcher->dispatch(Object(Illuminate\\Routing\\Route), Object(App\\Http\\Controllers\\Auth\\LoginController), 'login')
#6 C:\\xampp\\htdocs\\xampp\\Proyecto-Taller-de-Ingenieria-de-Software-2-mmadariaga\\vendor\\laravel\\framework\\src\\Illuminate\\Routing\\Route.php(205): Illuminate\\Routing\\Route->runController()
#7 C:\\xampp\\htdocs\\xampp\\Proyecto-Taller-de-Ingenieria-de-Software-2-mmadariaga\\vendor\\laravel\\framework\\src\\Illuminate\\Routing\\Router.php(721): Illuminate\\Routing\\Route->run()
#8 C:\\xampp\\htdocs\\xampp\\Proyecto-Taller-de-Ingenieria-de-Software-2-mmadariaga\\vendor\\laravel\\framework\\src\\Illuminate\\Pipeline\\Pipeline.php(128): Illuminate\\Routing\\Router->Illuminate\\Routing\\{closure}(Object(Illuminate\\Http\\Request))
#9 C:\\xampp\\htdocs\\xampp\\Proyecto-Taller-de-Ingenieria-de-Software-2-mmadariaga\\app\\Http\\Middleware\\RedirectIfAuthenticated.php(30): Illuminate\\Pipeline\\Pipeline->Illuminate\\Pipeline\\{closure}(Object(Illuminate\\Http\\Request))
#10 C:\\xampp\\htdocs\\xampp\\Proyecto-Taller-de-Ingenieria-de-Software-2-mmadariaga\\vendor\\laravel\\framework\\src\\Illuminate\\Pipeline\\Pipeline.php(167): App\\Http\\Middleware\\RedirectIfAuthenticated->handle(Object(Illuminate\\Http\\Request), Object(Closure))
#11 C:\\xampp\\htdocs\\xampp\\Proyecto-Taller-de-Ingenieria-de-Software-2-mmadariaga\\vendor\\laravel\\framework\\src\\Illuminate\\Routing\\Middleware\\SubstituteBindings.php(50): Illuminate\\Pipeline\\Pipeline->Illuminate\\Pipeline\\{closure}(Object(Illuminate\\Http\\Request))
#12 C:\\xampp\\htdocs\\xampp\\Proyecto-Taller-de-Ingenieria-de-Software-2-mmadariaga\\vendor\\laravel\\framework\\src\\Illuminate\\Pipeline\\Pipeline.php(167): Illuminate\\Routing\\Middleware\\SubstituteBindings->handle(Object(Illuminate\\Http\\Request), Object(Closure))
#13 C:\\xampp\\htdocs\\xampp\\Proyecto-Taller-de-Ingenieria-de-Software-2-mmadariaga\\vendor\\laravel\\framework\\src\\Illuminate\\Foundation\\Http\\Middleware\\VerifyCsrfToken.php(78): Illuminate\\Pipeline\\Pipeline->Illuminate\\Pipeline\\{closure}(Object(Illuminate\\Http\\Request))
#14 C:\\xampp\\htdocs\\xampp\\Proyecto-Taller-de-Ingenieria-de-Software-2-mmadariaga\\vendor\\laravel\\framework\\src\\Illuminate\\Pipeline\\Pipeline.php(167): Illuminate\\Foundation\\Http\\Middleware\\VerifyCsrfToken->handle(Object(Illuminate\\Http\\Request), Object(Closure))
#15 C:\\xampp\\htdocs\\xampp\\Proyecto-Taller-de-Ingenieria-de-Software-2-mmadariaga\\vendor\\laravel\\framework\\src\\Illuminate\\View\\Middleware\\ShareErrorsFromSession.php(49): Illuminate\\Pipeline\\Pipeline->Illuminate\\Pipeline\\{closure}(Object(Illuminate\\Http\\Request))
#16 C:\\xampp\\htdocs\\xampp\\Proyecto-Taller-de-Ingenieria-de-Software-2-mmadariaga\\vendor\\laravel\\framework\\src\\Illuminate\\Pipeline\\Pipeline.php(167): Illuminate\\View\\Middleware\\ShareErrorsFromSession->handle(Object(Illuminate\\Http\\Request), Object(Closure))
#17 C:\\xampp\\htdocs\\xampp\\Proyecto-Taller-de-Ingenieria-de-Software-2-mmadariaga\\vendor\\laravel\\framework\\src\\Illuminate\\Session\\Middleware\\StartSession.php(121): Illuminate\\Pipeline\\Pipeline->Illuminate\\Pipeline\\{closure}(Object(Illuminate\\Http\\Request))
#18 C:\\xampp\\htdocs\\xampp\\Proyecto-Taller-de-Ingenieria-de-Software-2-mmadariaga\\vendor\\laravel\\framework\\src\\Illuminate\\Session\\Middleware\\StartSession.php(64): Illuminate\\Session\\Middleware\\StartSession->handleStatefulRequest(Object(Illuminate\\Http\\Request), Object(Illuminate\\Session\\Store), Object(Closure))
#19 C:\\xampp\\htdocs\\xampp\\Proyecto-Taller-de-Ingenieria-de-Software-2-mmadariaga\\vendor\\laravel\\framework\\src\\Illuminate\\Pipeline\\Pipeline.php(167): Illuminate\\Session\\Middleware\\StartSession->handle(Object(Illuminate\\Http\\Request), Object(Closure))
#20 C:\\xampp\\htdocs\\xampp\\Proyecto-Taller-de-Ingenieria-de-Software-2-mmadariaga\\vendor\\laravel\\framework\\src\\Illuminate\\Cookie\\Middleware\\AddQueuedCookiesToResponse.php(37): Illuminate\\Pipeline\\Pipeline->Illuminate\\Pipeline\\{closure}(Object(Illuminate\\Http\\Request))
#21 C:\\xampp\\htdocs\\xampp\\Proyecto-Taller-de-Ingenieria-de-Software-2-mmadariaga\\vendor\\laravel\\framework\\src\\Illuminate\\Pipeline\\Pipeline.php(167): Illuminate\\Cookie\\Middleware\\AddQueuedCookiesToResponse->handle(Object(Illuminate\\Http\\Request), Object(Closure))
#22 C:\\xampp\\htdocs\\xampp\\Proyecto-Taller-de-Ingenieria-de-Software-2-mmadariaga\\vendor\\laravel\\framework\\src\\Illuminate\\Cookie\\Middleware\\EncryptCookies.php(67): Illuminate\\Pipeline\\Pipeline->Illuminate\\Pipeline\\{closure}(Object(Illuminate\\Http\\Request))
#23 C:\\xampp\\htdocs\\xampp\\Proyecto-Taller-de-Ingenieria-de-Software-2-mmadariaga\\vendor\\laravel\\framework\\src\\Illuminate\\Pipeline\\Pipeline.php(167): Illuminate\\Cookie\\Middleware\\EncryptCookies->handle(Object(Illuminate\\Http\\Request), Object(Closure))
#24 C:\\xampp\\htdocs\\xampp\\Proyecto-Taller-de-Ingenieria-de-Software-2-mmadariaga\\vendor\\laravel\\framework\\src\\Illuminate\\Pipeline\\Pipeline.php(103): Illuminate\\Pipeline\\Pipeline->Illuminate\\Pipeline\\{closure}(Object(Illuminate\\Http\\Request))
#25 C:\\xampp\\htdocs\\xampp\\Proyecto-Taller-de-Ingenieria-de-Software-2-mmadariaga\\vendor\\laravel\\framework\\src\\Illuminate\\Routing\\Router.php(723): Illuminate\\Pipeline\\Pipeline->then(Object(Closure))
#26 C:\\xampp\\htdocs\\xampp\\Proyecto-Taller-de-Ingenieria-de-Software-2-mmadariaga\\vendor\\laravel\\framework\\src\\Illuminate\\Routing\\Router.php(698): Illuminate\\Routing\\Router->runRouteWithinStack(Object(Illuminate\\Routing\\Route), Object(Illuminate\\Http\\Request))
#27 C:\\xampp\\htdocs\\xampp\\Proyecto-Taller-de-Ingenieria-de-Software-2-mmadariaga\\vendor\\laravel\\framework\\src\\Illuminate\\Routing\\Router.php(662): Illuminate\\Routing\\Router->runRoute(Object(Illuminate\\Http\\Request), Object(Illuminate\\Routing\\Route))
#28 C:\\xampp\\htdocs\\xampp\\Proyecto-Taller-de-Ingenieria-de-Software-2-mmadariaga\\vendor\\laravel\\framework\\src\\Illuminate\\Routing\\Router.php(651): Illuminate\\Routing\\Router->dispatchToRoute(Object(Illuminate\\Http\\Request))
#29 C:\\xampp\\htdocs\\xampp\\Proyecto-Taller-de-Ingenieria-de-Software-2-mmadariaga\\vendor\\laravel\\framework\\src\\Illuminate\\Foundation\\Http\\Kernel.php(167): Illuminate\\Routing\\Router->dispatch(Object(Illuminate\\Http\\Request))
#30 C:\\xampp\\htdocs\\xampp\\Proyecto-Taller-de-Ingenieria-de-Software-2-mmadariaga\\vendor\\laravel\\framework\\src\\Illuminate\\Pipeline\\Pipeline.php(128): Illuminate\\Foundation\\Http\\Kernel->Illuminate\\Foundation\\Http\\{closure}(Object(Illuminate\\Http\\Request))
#31 C:\\xampp\\htdocs\\xampp\\Proyecto-Taller-de-Ingenieria-de-Software-2-mmadariaga\\vendor\\laravel\\framework\\src\\Illuminate\\Foundation\\Http\\Middleware\\TransformsRequest.php(21): Illuminate\\Pipeline\\Pipeline->Illuminate\\Pipeline\\{closure}(Object(Illuminate\\Http\\Request))
#32 C:\\xampp\\htdocs\\xampp\\Proyecto-Taller-de-Ingenieria-de-Software-2-mmadariaga\\vendor\\laravel\\framework\\src\\Illuminate\\Foundation\\Http\\Middleware\\ConvertEmptyStringsToNull.php(31): Illuminate\\Foundation\\Http\\Middleware\\TransformsRequest->handle(Object(Illuminate\\Http\\Request), Object(Closure))
#33 C:\\xampp\\htdocs\\xampp\\Proyecto-Taller-de-Ingenieria-de-Software-2-mmadariaga\\vendor\\laravel\\framework\\src\\Illuminate\\Pipeline\\Pipeline.php(167): Illuminate\\Foundation\\Http\\Middleware\\ConvertEmptyStringsToNull->handle(Object(Illuminate\\Http\\Request), Object(Closure))
#34 C:\\xampp\\htdocs\\xampp\\Proyecto-Taller-de-Ingenieria-de-Software-2-mmadariaga\\vendor\\laravel\\framework\\src\\Illuminate\\Foundation\\Http\\Middleware\\TransformsRequest.php(21): Illuminate\\Pipeline\\Pipeline->Illuminate\\Pipeline\\{closure}(Object(Illuminate\\Http\\Request))
#35 C:\\xampp\\htdocs\\xampp\\Proyecto-Taller-de-Ingenieria-de-Software-2-mmadariaga\\vendor\\laravel\\framework\\src\\Illuminate\\Foundation\\Http\\Middleware\\TrimStrings.php(40): Illuminate\\Foundation\\Http\\Middleware\\TransformsRequest->handle(Object(Illuminate\\Http\\Request), Object(Closure))
#36 C:\\xampp\\htdocs\\xampp\\Proyecto-Taller-de-Ingenieria-de-Software-2-mmadariaga\\vendor\\laravel\\framework\\src\\Illuminate\\Pipeline\\Pipeline.php(167): Illuminate\\Foundation\\Http\\Middleware\\TrimStrings->handle(Object(Illuminate\\Http\\Request), Object(Closure))
#37 C:\\xampp\\htdocs\\xampp\\Proyecto-Taller-de-Ingenieria-de-Software-2-mmadariaga\\vendor\\laravel\\framework\\src\\Illuminate\\Foundation\\Http\\Middleware\\ValidatePostSize.php(27): Illuminate\\Pipeline\\Pipeline->Illuminate\\Pipeline\\{closure}(Object(Illuminate\\Http\\Request))
#38 C:\\xampp\\htdocs\\xampp\\Proyecto-Taller-de-Ingenieria-de-Software-2-mmadariaga\\vendor\\laravel\\framework\\src\\Illuminate\\Pipeline\\Pipeline.php(167): Illuminate\\Foundation\\Http\\Middleware\\ValidatePostSize->handle(Object(Illuminate\\Http\\Request), Object(Closure))
#39 C:\\xampp\\htdocs\\xampp\\Proyecto-Taller-de-Ingenieria-de-Software-2-mmadariaga\\vendor\\laravel\\framework\\src\\Illuminate\\Foundation\\Http\\Middleware\\PreventRequestsDuringMaintenance.php(86): Illuminate\\Pipeline\\Pipeline->Illuminate\\Pipeline\\{closure}(Object(Illuminate\\Http\\Request))
#40 C:\\xampp\\htdocs\\xampp\\Proyecto-Taller-de-Ingenieria-de-Software-2-mmadariaga\\vendor\\laravel\\framework\\src\\Illuminate\\Pipeline\\Pipeline.php(167): Illuminate\\Foundation\\Http\\Middleware\\PreventRequestsDuringMaintenance->handle(Object(Illuminate\\Http\\Request), Object(Closure))
#41 C:\\xampp\\htdocs\\xampp\\Proyecto-Taller-de-Ingenieria-de-Software-2-mmadariaga\\vendor\\fruitcake\\laravel-cors\\src\\HandleCors.php(38): Illuminate\\Pipeline\\Pipeline->Illuminate\\Pipeline\\{closure}(Object(Illuminate\\Http\\Request))
#42 C:\\xampp\\htdocs\\xampp\\Proyecto-Taller-de-Ingenieria-de-Software-2-mmadariaga\\vendor\\laravel\\framework\\src\\Illuminate\\Pipeline\\Pipeline.php(167): Fruitcake\\Cors\\HandleCors->handle(Object(Illuminate\\Http\\Request), Object(Closure))
#43 C:\\xampp\\htdocs\\xampp\\Proyecto-Taller-de-Ingenieria-de-Software-2-mmadariaga\\vendor\\laravel\\framework\\src\\Illuminate\\Http\\Middleware\\TrustProxies.php(39): Illuminate\\Pipeline\\Pipeline->Illuminate\\Pipeline\\{closure}(Object(Illuminate\\Http\\Request))
#44 C:\\xampp\\htdocs\\xampp\\Proyecto-Taller-de-Ingenieria-de-Software-2-mmadariaga\\vendor\\laravel\\framework\\src\\Illuminate\\Pipeline\\Pipeline.php(167): Illuminate\\Http\\Middleware\\TrustProxies->handle(Object(Illuminate\\Http\\Request), Object(Closure))
#45 C:\\xampp\\htdocs\\xampp\\Proyecto-Taller-de-Ingenieria-de-Software-2-mmadariaga\\vendor\\laravel\\framework\\src\\Illuminate\\Pipeline\\Pipeline.php(103): Illuminate\\Pipeline\\Pipeline->Illuminate\\Pipeline\\{closure}(Object(Illuminate\\Http\\Request))
#46 C:\\xampp\\htdocs\\xampp\\Proyecto-Taller-de-Ingenieria-de-Software-2-mmadariaga\\vendor\\laravel\\framework\\src\\Illuminate\\Foundation\\Http\\Kernel.php(142): Illuminate\\Pipeline\\Pipeline->then(Object(Closure))
#47 C:\\xampp\\htdocs\\xampp\\Proyecto-Taller-de-Ingenieria-de-Software-2-mmadariaga\\vendor\\laravel\\framework\\src\\Illuminate\\Foundation\\Http\\Kernel.php(111): Illuminate\\Foundation\\Http\\Kernel->sendRequestThroughRouter(Object(Illuminate\\Http\\Request))
#48 C:\\xampp\\htdocs\\xampp\\Proyecto-Taller-de-Ingenieria-de-Software-2-mmadariaga\\public\\index.php(52): Illuminate\\Foundation\\Http\\Kernel->handle(Object(Illuminate\\Http\\Request))
#49 C:\\xampp\\htdocs\\xampp\\Proyecto-Taller-de-Ingenieria-de-Software-2-mmadariaga\\server.php(21): require_once('C:\\\\xampp\\\\htdocs...')
#50 {main}
"} 
